	linux-vdso.so.1 =>  (0x00007ffc913db000)
	libcaffe.so.1.0.0 => /home/zhangwenting/software/caffe/build/install/lib64/libcaffe.so.1.0.0 (0x00007f4b15da7000)
	libpython3.7m.so.1.0 => /home/zhangwenting/anaconda3/envs/torch11/lib/libpython3.7m.so.1.0 (0x00007f4b15a40000)
	libboost_system.so.1.74.0 => /home/zhangwenting/anaconda3/envs/torch11/lib/libboost_system.so.1.74.0 (0x00007f4b15a3b000)
	libboost_thread.so.1.74.0 => /home/zhangwenting/anaconda3/envs/torch11/lib/libboost_thread.so.1.74.0 (0x00007f4b15a19000)
	libboost_filesystem.so.1.74.0 => /home/zhangwenting/anaconda3/envs/torch11/lib/libboost_filesystem.so.1.74.0 (0x00007f4b159f6000)
	libglog.so.0 => /home/zhangwenting/anaconda3/envs/torch11/lib/libglog.so.0 (0x00007f4b159bd000)
	libgflags.so.2.2 => /home/zhangwenting/anaconda3/envs/torch11/lib/libgflags.so.2.2 (0x00007f4b15998000)
	libprotobuf.so.16 => /home/zhangwenting/software/protobuf-3.6.0/install/lib/libprotobuf.so.16 (0x00007f4b15505000)
	libpthread.so.0 => /lib64/libpthread.so.0 (0x00007f4b152b9000)
	libhdf5.so.200 => /home/zhangwenting/anaconda3/envs/torch11/lib/libhdf5.so.200 (0x00007f4b14eb8000)
	libhdf5_cpp.so.200 => /home/zhangwenting/anaconda3/envs/torch11/lib/libhdf5_cpp.so.200 (0x00007f4b14e40000)
	libhdf5_hl.so.200 => /home/zhangwenting/anaconda3/envs/torch11/lib/libhdf5_hl.so.200 (0x00007f4b14e1b000)
	libhdf5_hl_cpp.so.200 => /home/zhangwenting/anaconda3/envs/torch11/lib/libhdf5_hl_cpp.so.200 (0x00007f4b14e14000)
	liblmdb.so => /home/zhangwenting/anaconda3/envs/torch11/lib/liblmdb.so (0x00007f4b14dfd000)
	libleveldb.so.1 => /home/zhangwenting/anaconda3/envs/torch11/lib/libleveldb.so.1 (0x00007f4b14d9b000)
	libcudart.so.11.0 => /usr/local/cuda/lib64/libcudart.so.11.0 (0x00007f4b14b15000)
	libcurand.so.10 => /usr/local/cuda/lib64/libcurand.so.10 (0x00007f4b0fbe5000)
	libcublas.so.11 => /usr/local/cuda/lib64/libcublas.so.11 (0x00007f4b077c9000)
	libcudnn.so.5 => /home/share/cudnn-8.0-v5.1/lib64/libcudnn.so.5 (0x00007f4b029f4000)
	libopencv_highgui.so.4.3 => /home/zhangwenting/zzapp/lib64/libopencv_highgui.so.4.3 (0x00007f4b027dc000)
	libopencv_videoio.so.4.3 => /home/zhangwenting/zzapp/lib64/libopencv_videoio.so.4.3 (0x00007f4b02561000)
	libopencv_imgcodecs.so.4.3 => /home/zhangwenting/zzapp/lib64/libopencv_imgcodecs.so.4.3 (0x00007f4b02050000)
	libopencv_imgproc.so.4.3 => /home/zhangwenting/zzapp/lib64/libopencv_imgproc.so.4.3 (0x00007f4b002e4000)
	libopencv_core.so.4.3 => /home/zhangwenting/zzapp/lib64/libopencv_core.so.4.3 (0x00007f4afede6000)
	libopencv_cudev.so.4.3 => /home/zhangwenting/zzapp/lib64/libopencv_cudev.so.4.3 (0x00007f4afebe3000)
	libopenblas.so.0 => /home/zhangwenting/anaconda3/envs/torch11/lib/libopenblas.so.0 (0x00007f4afce00000)
	libboost_python37.so.1.74.0 => /home/zhangwenting/anaconda3/envs/torch11/lib/libboost_python37.so.1.74.0 (0x00007f4afcdc4000)
	libstdc++.so.6 => /home/zhangwenting/anaconda3/envs/torch11/lib/libstdc++.so.6 (0x00007f4afcc4f000)
	libm.so.6 => /lib64/libm.so.6 (0x00007f4afc94d000)
	libgcc_s.so.1 => /home/zhangwenting/anaconda3/envs/torch11/lib/libgcc_s.so.1 (0x00007f4afc939000)
	libc.so.6 => /lib64/libc.so.6 (0x00007f4afc575000)
	libsnappy.so.1 => /home/zhangwenting/anaconda3/envs/torch11/lib/libsnappy.so.1 (0x00007f4afc56a000)
	/lib64/ld-linux-x86-64.so.2 (0x00007f4b16976000)
	libdl.so.2 => /lib64/libdl.so.2 (0x00007f4afc365000)
	libutil.so.1 => /lib64/libutil.so.1 (0x00007f4afc162000)
	librt.so.1 => /lib64/librt.so.1 (0x00007f4afbf5a000)
	libz.so.1 => /home/zhangwenting/anaconda3/envs/torch11/lib/libz.so.1 (0x00007f4afbf3f000)
	libcrypto.so.1.1 => /home/zhangwenting/anaconda3/envs/torch11/lib/./libcrypto.so.1.1 (0x00007f4afbc73000)
	libcurl.so.4 => /home/zhangwenting/anaconda3/envs/torch11/lib/./libcurl.so.4 (0x00007f4afbbe9000)
	libcublasLt.so.11 => /usr/local/cuda/lib64/libcublasLt.so.11 (0x00007f4aedbf5000)
	libgtk-3.so.0 => /lib64/libgtk-3.so.0 (0x00007f4aed33e000)
	libgdk-3.so.0 => /lib64/libgdk-3.so.0 (0x00007f4aed0a8000)
	libgdk_pixbuf-2.0.so.0 => /lib64/libgdk_pixbuf-2.0.so.0 (0x00007f4aece82000)
	libcairo.so.2 => /lib64/libcairo.so.2 (0x00007f4aecb5a000)
	libgobject-2.0.so.0 => /lib64/libgobject-2.0.so.0 (0x00007f4aec90a000)
	libglib-2.0.so.0 => /lib64/libglib-2.0.so.0 (0x00007f4aec5d3000)
	libgstreamer-1.0.so.0 => /lib64/libgstreamer-1.0.so.0 (0x00007f4aec2c6000)
	libgstapp-1.0.so.0 => /lib64/libgstapp-1.0.so.0 (0x00007f4aec0b9000)
	libgstriff-1.0.so.0 => /lib64/libgstriff-1.0.so.0 (0x00007f4aebeab000)
	libgstpbutils-1.0.so.0 => /lib64/libgstpbutils-1.0.so.0 (0x00007f4aebc83000)
	libavcodec.so.56 => /lib64/libavcodec.so.56 (0x00007f4aeaa29000)
	libavformat.so.56 => /lib64/libavformat.so.56 (0x00007f4aea658000)
	libavutil.so.54 => /lib64/libavutil.so.54 (0x00007f4aea3f5000)
	libswscale.so.3 => /lib64/libswscale.so.3 (0x00007f4aea16e000)
	libjpeg.so.9 => /home/zhangwenting/anaconda3/envs/torch11/lib/libjpeg.so.9 (0x00007f4ae9f31000)
	libpng15.so.15 => /lib64/libpng15.so.15 (0x00007f4ae9d06000)
	libtbb.so => /home/zhangwenting/zzapp/lib64/libtbb.so (0x00007f4ae9acd000)
	libgfortran.so.4 => /home/zhangwenting/anaconda3/envs/torch11/lib/./libgfortran.so.4 (0x00007f4ae999d000)
	libssh2.so.1 => /home/zhangwenting/anaconda3/envs/torch11/lib/././libssh2.so.1 (0x00007f4ae995a000)
	libssl.so.1.1 => /home/zhangwenting/anaconda3/envs/torch11/lib/././libssl.so.1.1 (0x00007f4ae98c8000)
	libgssapi_krb5.so.2 => /home/zhangwenting/anaconda3/envs/torch11/lib/././libgssapi_krb5.so.2 (0x00007f4ae9875000)
	libkrb5.so.3 => /home/zhangwenting/anaconda3/envs/torch11/lib/././libkrb5.so.3 (0x00007f4ae97a2000)
	libk5crypto.so.3 => /home/zhangwenting/anaconda3/envs/torch11/lib/././libk5crypto.so.3 (0x00007f4ae9787000)
	libcom_err.so.3 => /home/zhangwenting/anaconda3/envs/torch11/lib/././libcom_err.so.3 (0x00007f4ae9781000)
	libgmodule-2.0.so.0 => /lib64/libgmodule-2.0.so.0 (0x00007f4ae957c000)
	libpangocairo-1.0.so.0 => /lib64/libpangocairo-1.0.so.0 (0x00007f4ae936f000)
	libX11.so.6 => /lib64/libX11.so.6 (0x00007f4ae9031000)
	libXi.so.6 => /lib64/libXi.so.6 (0x00007f4ae8e20000)
	libXfixes.so.3 => /lib64/libXfixes.so.3 (0x00007f4ae8c1a000)
	libcairo-gobject.so.2 => /lib64/libcairo-gobject.so.2 (0x00007f4ae8a11000)
	libatk-1.0.so.0 => /lib64/libatk-1.0.so.0 (0x00007f4ae87ea000)
	libatk-bridge-2.0.so.0 => /lib64/libatk-bridge-2.0.so.0 (0x00007f4ae85bf000)
	libpangoft2-1.0.so.0 => /lib64/libpangoft2-1.0.so.0 (0x00007f4ae83aa000)
	libpango-1.0.so.0 => /lib64/libpango-1.0.so.0 (0x00007f4ae815e000)
	libfontconfig.so.1 => /lib64/libfontconfig.so.1 (0x00007f4ae7f21000)
	libgio-2.0.so.0 => /lib64/libgio-2.0.so.0 (0x00007f4ae7bab000)
	libXinerama.so.1 => /lib64/libXinerama.so.1 (0x00007f4ae79a7000)
	libXrandr.so.2 => /lib64/libXrandr.so.2 (0x00007f4ae779c000)
	libXcursor.so.1 => /lib64/libXcursor.so.1 (0x00007f4ae7591000)
	libXcomposite.so.1 => /lib64/libXcomposite.so.1 (0x00007f4ae738d000)
	libXdamage.so.1 => /lib64/libXdamage.so.1 (0x00007f4ae718a000)
	libXext.so.6 => /lib64/libXext.so.6 (0x00007f4ae6f78000)
	libpixman-1.so.0 => /lib64/libpixman-1.so.0 (0x00007f4ae6cca000)
	libfreetype.so.6 => /home/zhangwenting/anaconda3/envs/torch11/lib/libfreetype.so.6 (0x00007f4ae6c15000)
	libEGL.so.1 => /lib64/libEGL.so.1 (0x00007f4ae6a03000)
	libxcb-shm.so.0 => /lib64/libxcb-shm.so.0 (0x00007f4ae67fe000)
	libxcb-render.so.0 => /lib64/libxcb-render.so.0 (0x00007f4ae65f0000)
	libxcb.so.1 => /lib64/libxcb.so.1 (0x00007f4ae63c8000)
	libXrender.so.1 => /lib64/libXrender.so.1 (0x00007f4ae61bc000)
	libGL.so.1 => /lib64/libGL.so.1 (0x00007f4ae5f1e000)
	libffi.so.6 => /home/zhangwenting/anaconda3/envs/torch11/lib/libffi.so.6 (0x00007f4ae5f14000)
	libgstbase-1.0.so.0 => /lib64/libgstbase-1.0.so.0 (0x00007f4ae5cb9000)
	libgstaudio-1.0.so.0 => /lib64/libgstaudio-1.0.so.0 (0x00007f4ae5a6e000)
	libgsttag-1.0.so.0 => /lib64/libgsttag-1.0.so.0 (0x00007f4ae5834000)
	libgstvideo-1.0.so.0 => /lib64/libgstvideo-1.0.so.0 (0x00007f4ae55e9000)
	libswresample.so.1 => /lib64/libswresample.so.1 (0x00007f4ae53ce000)
	libva.so.1 => /lib64/libva.so.1 (0x00007f4ae51ad000)
	libxvidcore.so.4 => /lib64/libxvidcore.so.4 (0x00007f4ae4e9a000)
	libx265.so.79 => /lib64/libx265.so.79 (0x00007f4ae4949000)
	libx264.so.142 => /lib64/libx264.so.142 (0x00007f4ae45d4000)
	libvorbisenc.so.2 => /lib64/libvorbisenc.so.2 (0x00007f4ae4105000)
	libvorbis.so.0 => /lib64/libvorbis.so.0 (0x00007f4ae3ed7000)
	libvo-amrwbenc.so.0 => /lib64/libvo-amrwbenc.so.0 (0x00007f4ae3cbc000)
	libtheoraenc.so.1 => /lib64/libtheoraenc.so.1 (0x00007f4ae3a8f000)
	libtheoradec.so.1 => /lib64/libtheoradec.so.1 (0x00007f4ae387f000)
	libspeex.so.1 => /lib64/libspeex.so.1 (0x00007f4ae3665000)
	libschroedinger-1.0.so.0 => /lib64/libschroedinger-1.0.so.0 (0x00007f4ae3399000)
	libopus.so.0 => /lib64/libopus.so.0 (0x00007f4ae3157000)
	libopenjpeg.so.1 => /lib64/libopenjpeg.so.1 (0x00007f4ae2f32000)
	libopencore-amrwb.so.0 => /lib64/libopencore-amrwb.so.0 (0x00007f4ae2d1e000)
	libopencore-amrnb.so.0 => /lib64/libopencore-amrnb.so.0 (0x00007f4ae2af4000)
	libmp3lame.so.0 => /lib64/libmp3lame.so.0 (0x00007f4ae287a000)
	libgsm.so.1 => /lib64/libgsm.so.1 (0x00007f4ae266e000)
	libfdk-aac.so.1 => /lib64/libfdk-aac.so.1 (0x00007f4ae23ba000)
	libgmp.so.10 => /lib64/libgmp.so.10 (0x00007f4ae2142000)
	libgnutls.so.28 => /lib64/libgnutls.so.28 (0x00007f4ae1e0d000)
	libbz2.so.1 => /lib64/libbz2.so.1 (0x00007f4ae1bfd000)
	libquadmath.so.0 => /home/zhangwenting/zzapp/lib64/libquadmath.so.0 (0x00007f4ae19b5000)
	libkrb5support.so.0 => /home/zhangwenting/anaconda3/envs/torch11/lib/./././libkrb5support.so.0 (0x00007f4ae19a6000)
	libresolv.so.2 => /lib64/libresolv.so.2 (0x00007f4ae178b000)
	libgthread-2.0.so.0 => /lib64/libgthread-2.0.so.0 (0x00007f4ae1589000)
	libharfbuzz.so.0 => /lib64/libharfbuzz.so.0 (0x00007f4ae132f000)
	libatspi.so.0 => /lib64/libatspi.so.0 (0x00007f4ae1108000)
	libdbus-1.so.3 => /lib64/libdbus-1.so.3 (0x00007f4ae0ebf000)
	libexpat.so.1 => /lib64/libexpat.so.1 (0x00007f4ae0c95000)
	libselinux.so.1 => /lib64/libselinux.so.1 (0x00007f4ae0a6d000)
	libpng16.so.16 => /home/zhangwenting/anaconda3/envs/torch11/lib/./libpng16.so.16 (0x00007f4ae0a34000)
	libGLdispatch.so.0 => /lib64/libGLdispatch.so.0 (0x00007f4ae0744000)
	libXau.so.6 => /lib64/libXau.so.6 (0x00007f4ae0540000)
	libGLX.so.0 => /lib64/libGLX.so.0 (0x00007f4ae0310000)
	liborc-0.4.so.0 => /lib64/liborc-0.4.so.0 (0x00007f4ae008d000)
	libsoxr.so.0 => /lib64/libsoxr.so.0 (0x00007f4adfe2a000)
	libnuma.so.1 => /lib64/libnuma.so.1 (0x00007f4adfc1d000)
	libogg.so.0 => /usr/lib64/libogg.so.0 (0x00007f4adfa16000)
	libp11-kit.so.0 => /lib64/libp11-kit.so.0 (0x00007f4adf7cf000)
	libtspi.so.1 => /lib64/libtspi.so.1 (0x00007f4adf55e000)
	libtasn1.so.6 => /lib64/libtasn1.so.6 (0x00007f4adf34a000)
	libnettle.so.4 => /lib64/libnettle.so.4 (0x00007f4adf118000)
	libhogweed.so.2 => /lib64/libhogweed.so.2 (0x00007f4adeef1000)
	libgraphite2.so.3 => /lib64/libgraphite2.so.3 (0x00007f4adecd4000)
	libpcre.so.1 => /lib64/libpcre.so.1 (0x00007f4adea73000)
	libgomp.so.1 => /home/zhangwenting/zzapp/lib64/libgomp.so.1 (0x00007f4ade83d000)
	libcrypto.so.10 => /lib64/libcrypto.so.10 (0x00007f4ade3d9000)
	libssl.so.10 => /lib64/libssl.so.10 (0x00007f4ade167000)
	libcom_err.so.2 => /lib64/libcom_err.so.2 (0x00007f4addf62000)
