	linux-vdso.so.1 =>  (0x00007ffee55ab000)
	libcaffe.so.1.0.0 => /home/zhangwenting/software/caffe/build/install/lib64/libcaffe.so.1.0.0 (0x00007f11973fc000)
	libpython3.8.so.1.0 => /home/zhangwenting/anaconda3/envs/beta/lib/libpython3.8.so.1.0 (0x00007f1197054000)
	libboost_system.so.1.74.0 => /home/zhangwenting/anaconda3/envs/beta/lib/libboost_system.so.1.74.0 (0x00007f119704f000)
	libboost_thread.so.1.74.0 => /home/zhangwenting/anaconda3/envs/beta/lib/libboost_thread.so.1.74.0 (0x00007f119702d000)
	libboost_filesystem.so.1.74.0 => /home/zhangwenting/anaconda3/envs/beta/lib/libboost_filesystem.so.1.74.0 (0x00007f119700a000)
	libglog.so.0 => /home/zhangwenting/anaconda3/envs/beta/lib/libglog.so.0 (0x00007f1196fd1000)
	libgflags.so.2.2 => /home/zhangwenting/anaconda3/envs/beta/lib/libgflags.so.2.2 (0x00007f1196fac000)
	libprotobuf.so.16 => /home/zhangwenting/software/protobuf-3.6.0/install/lib/libprotobuf.so.16 (0x00007f1196b19000)
	libpthread.so.0 => /lib64/libpthread.so.0 (0x00007f11968cd000)
	libhdf5.so.200 => /home/zhangwenting/anaconda3/envs/beta/lib/libhdf5.so.200 (0x00007f11964cc000)
	libhdf5_cpp.so.200 => /home/zhangwenting/anaconda3/envs/beta/lib/libhdf5_cpp.so.200 (0x00007f1196454000)
	libhdf5_hl.so.200 => /home/zhangwenting/anaconda3/envs/beta/lib/libhdf5_hl.so.200 (0x00007f119642f000)
	libhdf5_hl_cpp.so.200 => /home/zhangwenting/anaconda3/envs/beta/lib/libhdf5_hl_cpp.so.200 (0x00007f1196428000)
	liblmdb.so => /home/zhangwenting/anaconda3/envs/beta/lib/liblmdb.so (0x00007f1196411000)
	libleveldb.so.1 => /home/zhangwenting/anaconda3/envs/beta/lib/libleveldb.so.1 (0x00007f11963af000)
	libcudart.so.11.0 => /usr/local/cuda/lib64/libcudart.so.11.0 (0x00007f1196129000)
	libcurand.so.10 => /usr/local/cuda/lib64/libcurand.so.10 (0x00007f11911f9000)
	libcublas.so.11 => /usr/local/cuda/lib64/libcublas.so.11 (0x00007f1188ddd000)
	libcudnn.so.5 => /home/share/cudnn-8.0-v5.1/lib64/libcudnn.so.5 (0x00007f1184008000)
	libopencv_highgui.so.4.3 => /home/zhangwenting/zzapp/lib64/libopencv_highgui.so.4.3 (0x00007f1183df0000)
	libopencv_videoio.so.4.3 => /home/zhangwenting/zzapp/lib64/libopencv_videoio.so.4.3 (0x00007f1183b75000)
	libopencv_imgcodecs.so.4.3 => /home/zhangwenting/zzapp/lib64/libopencv_imgcodecs.so.4.3 (0x00007f1183664000)
	libopencv_imgproc.so.4.3 => /home/zhangwenting/zzapp/lib64/libopencv_imgproc.so.4.3 (0x00007f11818f8000)
	libopencv_core.so.4.3 => /home/zhangwenting/zzapp/lib64/libopencv_core.so.4.3 (0x00007f11803fa000)
	libopencv_cudev.so.4.3 => /home/zhangwenting/zzapp/lib64/libopencv_cudev.so.4.3 (0x00007f11801f7000)
	libopenblas.so.0 => /home/zhangwenting/anaconda3/envs/beta/lib/libopenblas.so.0 (0x00007f117e414000)
	libboost_python38.so.1.74.0 => /home/zhangwenting/anaconda3/envs/beta/lib/libboost_python38.so.1.74.0 (0x00007f117e3d6000)
	libstdc++.so.6 => /home/zhangwenting/anaconda3/envs/beta/lib/libstdc++.so.6 (0x00007f117e261000)
	libm.so.6 => /lib64/libm.so.6 (0x00007f117df5f000)
	libgcc_s.so.1 => /home/zhangwenting/anaconda3/envs/beta/lib/libgcc_s.so.1 (0x00007f117df4b000)
	libc.so.6 => /lib64/libc.so.6 (0x00007f117db87000)
	libsnappy.so.1 => /home/zhangwenting/anaconda3/envs/beta/lib/libsnappy.so.1 (0x00007f117db7c000)
	/lib64/ld-linux-x86-64.so.2 (0x00007f1197fcb000)
	libdl.so.2 => /lib64/libdl.so.2 (0x00007f117d977000)
	libutil.so.1 => /lib64/libutil.so.1 (0x00007f117d774000)
	librt.so.1 => /lib64/librt.so.1 (0x00007f117d56c000)
	libz.so.1 => /home/zhangwenting/anaconda3/envs/beta/lib/libz.so.1 (0x00007f117d551000)
	libcrypto.so.1.1 => /home/zhangwenting/anaconda3/envs/beta/lib/./libcrypto.so.1.1 (0x00007f117d285000)
	libcurl.so.4 => /home/zhangwenting/anaconda3/envs/beta/lib/./libcurl.so.4 (0x00007f117d1fb000)
	libcublasLt.so.11 => /usr/local/cuda/lib64/libcublasLt.so.11 (0x00007f116f207000)
	libgtk-3.so.0 => /lib64/libgtk-3.so.0 (0x00007f116e950000)
	libgdk-3.so.0 => /lib64/libgdk-3.so.0 (0x00007f116e6ba000)
	libgdk_pixbuf-2.0.so.0 => /lib64/libgdk_pixbuf-2.0.so.0 (0x00007f116e494000)
	libcairo.so.2 => /lib64/libcairo.so.2 (0x00007f116e16c000)
	libgobject-2.0.so.0 => /lib64/libgobject-2.0.so.0 (0x00007f116df1c000)
	libglib-2.0.so.0 => /lib64/libglib-2.0.so.0 (0x00007f116dbe5000)
	libgstreamer-1.0.so.0 => /lib64/libgstreamer-1.0.so.0 (0x00007f116d8d8000)
	libgstapp-1.0.so.0 => /lib64/libgstapp-1.0.so.0 (0x00007f116d6cb000)
	libgstriff-1.0.so.0 => /lib64/libgstriff-1.0.so.0 (0x00007f116d4bd000)
	libgstpbutils-1.0.so.0 => /lib64/libgstpbutils-1.0.so.0 (0x00007f116d295000)
	libavcodec.so.56 => /lib64/libavcodec.so.56 (0x00007f116c03b000)
	libavformat.so.56 => /lib64/libavformat.so.56 (0x00007f116bc6a000)
	libavutil.so.54 => /lib64/libavutil.so.54 (0x00007f116ba07000)
	libswscale.so.3 => /lib64/libswscale.so.3 (0x00007f116b780000)
	libjpeg.so.9 => /lib64/libjpeg.so.9 (0x00007f116b544000)
	libpng15.so.15 => /lib64/libpng15.so.15 (0x00007f116b318000)
	libtbb.so => /home/zhangwenting/zzapp/lib64/libtbb.so (0x00007f116b0df000)
	libgfortran.so.4 => /home/zhangwenting/anaconda3/envs/beta/lib/./libgfortran.so.4 (0x00007f116afaf000)
	libssh2.so.1 => /home/zhangwenting/anaconda3/envs/beta/lib/././libssh2.so.1 (0x00007f116af6c000)
	libssl.so.1.1 => /home/zhangwenting/anaconda3/envs/beta/lib/././libssl.so.1.1 (0x00007f116aedb000)
	libgssapi_krb5.so.2 => /home/zhangwenting/anaconda3/envs/beta/lib/././libgssapi_krb5.so.2 (0x00007f116ae88000)
	libkrb5.so.3 => /home/zhangwenting/anaconda3/envs/beta/lib/././libkrb5.so.3 (0x00007f116adb5000)
	libk5crypto.so.3 => /home/zhangwenting/anaconda3/envs/beta/lib/././libk5crypto.so.3 (0x00007f116ad9a000)
	libcom_err.so.3 => /home/zhangwenting/anaconda3/envs/beta/lib/././libcom_err.so.3 (0x00007f116ad94000)
	libgmodule-2.0.so.0 => /lib64/libgmodule-2.0.so.0 (0x00007f116ab8f000)
	libpangocairo-1.0.so.0 => /lib64/libpangocairo-1.0.so.0 (0x00007f116a982000)
	libX11.so.6 => /lib64/libX11.so.6 (0x00007f116a644000)
	libXi.so.6 => /lib64/libXi.so.6 (0x00007f116a433000)
	libXfixes.so.3 => /lib64/libXfixes.so.3 (0x00007f116a22d000)
	libcairo-gobject.so.2 => /lib64/libcairo-gobject.so.2 (0x00007f116a024000)
	libatk-1.0.so.0 => /lib64/libatk-1.0.so.0 (0x00007f1169dfd000)
	libatk-bridge-2.0.so.0 => /lib64/libatk-bridge-2.0.so.0 (0x00007f1169bd2000)
	libpangoft2-1.0.so.0 => /lib64/libpangoft2-1.0.so.0 (0x00007f11699bd000)
	libpango-1.0.so.0 => /lib64/libpango-1.0.so.0 (0x00007f1169771000)
	libfontconfig.so.1 => /lib64/libfontconfig.so.1 (0x00007f1169534000)
	libgio-2.0.so.0 => /lib64/libgio-2.0.so.0 (0x00007f11691be000)
	libXinerama.so.1 => /lib64/libXinerama.so.1 (0x00007f1168fba000)
	libXrandr.so.2 => /lib64/libXrandr.so.2 (0x00007f1168daf000)
	libXcursor.so.1 => /lib64/libXcursor.so.1 (0x00007f1168ba4000)
	libXcomposite.so.1 => /lib64/libXcomposite.so.1 (0x00007f11689a0000)
	libXdamage.so.1 => /lib64/libXdamage.so.1 (0x00007f116879d000)
	libXext.so.6 => /lib64/libXext.so.6 (0x00007f116858b000)
	libpixman-1.so.0 => /lib64/libpixman-1.so.0 (0x00007f11682dd000)
	libfreetype.so.6 => /lib64/libfreetype.so.6 (0x00007f1168037000)
	libEGL.so.1 => /lib64/libEGL.so.1 (0x00007f1167e25000)
	libxcb-shm.so.0 => /lib64/libxcb-shm.so.0 (0x00007f1167c20000)
	libxcb-render.so.0 => /lib64/libxcb-render.so.0 (0x00007f1167a12000)
	libxcb.so.1 => /lib64/libxcb.so.1 (0x00007f11677ea000)
	libXrender.so.1 => /lib64/libXrender.so.1 (0x00007f11675de000)
	libGL.so.1 => /lib64/libGL.so.1 (0x00007f1167340000)
	libffi.so.6 => /home/zhangwenting/anaconda3/envs/beta/lib/libffi.so.6 (0x00007f1167336000)
	libgstbase-1.0.so.0 => /lib64/libgstbase-1.0.so.0 (0x00007f11670db000)
	libgstaudio-1.0.so.0 => /lib64/libgstaudio-1.0.so.0 (0x00007f1166e90000)
	libgsttag-1.0.so.0 => /lib64/libgsttag-1.0.so.0 (0x00007f1166c56000)
	libgstvideo-1.0.so.0 => /lib64/libgstvideo-1.0.so.0 (0x00007f1166a0b000)
	libswresample.so.1 => /lib64/libswresample.so.1 (0x00007f11667f0000)
	libva.so.1 => /lib64/libva.so.1 (0x00007f11665cf000)
	libxvidcore.so.4 => /lib64/libxvidcore.so.4 (0x00007f11662bc000)
	libx265.so.79 => /lib64/libx265.so.79 (0x00007f1165d6b000)
	libx264.so.142 => /lib64/libx264.so.142 (0x00007f11659f6000)
	libvorbisenc.so.2 => /lib64/libvorbisenc.so.2 (0x00007f1165527000)
	libvorbis.so.0 => /lib64/libvorbis.so.0 (0x00007f11652f9000)
	libvo-amrwbenc.so.0 => /lib64/libvo-amrwbenc.so.0 (0x00007f11650de000)
	libtheoraenc.so.1 => /lib64/libtheoraenc.so.1 (0x00007f1164eb1000)
	libtheoradec.so.1 => /lib64/libtheoradec.so.1 (0x00007f1164ca1000)
	libspeex.so.1 => /lib64/libspeex.so.1 (0x00007f1164a87000)
	libschroedinger-1.0.so.0 => /lib64/libschroedinger-1.0.so.0 (0x00007f11647bb000)
	libopus.so.0 => /lib64/libopus.so.0 (0x00007f1164579000)
	libopenjpeg.so.1 => /lib64/libopenjpeg.so.1 (0x00007f1164354000)
	libopencore-amrwb.so.0 => /lib64/libopencore-amrwb.so.0 (0x00007f1164140000)
	libopencore-amrnb.so.0 => /lib64/libopencore-amrnb.so.0 (0x00007f1163f16000)
	libmp3lame.so.0 => /lib64/libmp3lame.so.0 (0x00007f1163c9c000)
	libgsm.so.1 => /lib64/libgsm.so.1 (0x00007f1163a90000)
	libfdk-aac.so.1 => /lib64/libfdk-aac.so.1 (0x00007f11637dc000)
	libgmp.so.10 => /lib64/libgmp.so.10 (0x00007f1163564000)
	libgnutls.so.28 => /lib64/libgnutls.so.28 (0x00007f116322f000)
	libbz2.so.1 => /lib64/libbz2.so.1 (0x00007f116301f000)
	libquadmath.so.0 => /home/zhangwenting/zzapp/lib64/libquadmath.so.0 (0x00007f1162dd7000)
	libkrb5support.so.0 => /home/zhangwenting/anaconda3/envs/beta/lib/./././libkrb5support.so.0 (0x00007f1162dc8000)
	libresolv.so.2 => /lib64/libresolv.so.2 (0x00007f1162bad000)
	libgthread-2.0.so.0 => /lib64/libgthread-2.0.so.0 (0x00007f11629ab000)
	libharfbuzz.so.0 => /lib64/libharfbuzz.so.0 (0x00007f1162751000)
	libatspi.so.0 => /lib64/libatspi.so.0 (0x00007f116252a000)
	libdbus-1.so.3 => /lib64/libdbus-1.so.3 (0x00007f11622e1000)
	libexpat.so.1 => /lib64/libexpat.so.1 (0x00007f11620b7000)
	libselinux.so.1 => /lib64/libselinux.so.1 (0x00007f1161e8f000)
	libGLdispatch.so.0 => /lib64/libGLdispatch.so.0 (0x00007f1161ba0000)
	libXau.so.6 => /lib64/libXau.so.6 (0x00007f116199b000)
	libGLX.so.0 => /lib64/libGLX.so.0 (0x00007f116176b000)
	liborc-0.4.so.0 => /lib64/liborc-0.4.so.0 (0x00007f11614e8000)
	libsoxr.so.0 => /lib64/libsoxr.so.0 (0x00007f1161285000)
	libnuma.so.1 => /lib64/libnuma.so.1 (0x00007f1161078000)
	libogg.so.0 => /usr/lib64/libogg.so.0 (0x00007f1160e71000)
	libp11-kit.so.0 => /lib64/libp11-kit.so.0 (0x00007f1160c2a000)
	libtspi.so.1 => /lib64/libtspi.so.1 (0x00007f11609b9000)
	libtasn1.so.6 => /lib64/libtasn1.so.6 (0x00007f11607a5000)
	libnettle.so.4 => /lib64/libnettle.so.4 (0x00007f1160573000)
	libhogweed.so.2 => /lib64/libhogweed.so.2 (0x00007f116034c000)
	libgraphite2.so.3 => /lib64/libgraphite2.so.3 (0x00007f116012f000)
	libpcre.so.1 => /lib64/libpcre.so.1 (0x00007f115fece000)
	libgomp.so.1 => /home/zhangwenting/zzapp/lib64/libgomp.so.1 (0x00007f115fc98000)
	libcrypto.so.10 => /lib64/libcrypto.so.10 (0x00007f115f834000)
	libssl.so.10 => /lib64/libssl.so.10 (0x00007f115f5c2000)
	libcom_err.so.2 => /lib64/libcom_err.so.2 (0x00007f115f3bd000)
