	linux-vdso.so.1 =>  (0x00007ffe7c9c2000)
	libcaffe.so.1.0.0 => /home/zhangwenting/software/caffe/build/install/lib64/libcaffe.so.1.0.0 (0x00007f5550493000)
	libpython3.7m.so.1.0 => /home/zhangwenting/anaconda3/envs/torch11/lib/libpython3.7m.so.1.0 (0x00007f555012c000)
	libboost_system.so.1.74.0 => /home/zhangwenting/anaconda3/envs/torch11/lib/libboost_system.so.1.74.0 (0x00007f5550127000)
	libboost_thread.so.1.74.0 => /home/zhangwenting/anaconda3/envs/torch11/lib/libboost_thread.so.1.74.0 (0x00007f5550105000)
	libboost_filesystem.so.1.74.0 => /home/zhangwenting/anaconda3/envs/torch11/lib/libboost_filesystem.so.1.74.0 (0x00007f55500e2000)
	libglog.so.0 => /home/zhangwenting/anaconda3/envs/torch11/lib/libglog.so.0 (0x00007f55500a9000)
	libgflags.so.2.2 => /home/zhangwenting/anaconda3/envs/torch11/lib/libgflags.so.2.2 (0x00007f5550084000)
	libprotobuf.so.8 => /home/zhangwenting/software/protobuf-2.5.0/build/lib/libprotobuf.so.8 (0x00007f554fd8c000)
	libpthread.so.0 => /lib64/libpthread.so.0 (0x00007f554fb40000)
	libhdf5.so.200 => /home/zhangwenting/anaconda3/envs/torch11/lib/libhdf5.so.200 (0x00007f554f73f000)
	libhdf5_cpp.so.200 => /home/zhangwenting/anaconda3/envs/torch11/lib/libhdf5_cpp.so.200 (0x00007f554f6c7000)
	libhdf5_hl.so.200 => /home/zhangwenting/anaconda3/envs/torch11/lib/libhdf5_hl.so.200 (0x00007f554f6a2000)
	libhdf5_hl_cpp.so.200 => /home/zhangwenting/anaconda3/envs/torch11/lib/libhdf5_hl_cpp.so.200 (0x00007f554f69b000)
	liblmdb.so => /home/zhangwenting/anaconda3/envs/torch11/lib/liblmdb.so (0x00007f554f684000)
	libleveldb.so.1 => /home/zhangwenting/anaconda3/envs/torch11/lib/libleveldb.so.1 (0x00007f554f622000)
	libcudart.so.11.0 => /usr/local/cuda/lib64/libcudart.so.11.0 (0x00007f554f39c000)
	libcurand.so.10 => /usr/local/cuda/lib64/libcurand.so.10 (0x00007f554a46c000)
	libcublas.so.11 => /usr/local/cuda/lib64/libcublas.so.11 (0x00007f5542050000)
	libcudnn.so.5 => /home/share/cudnn-8.0-v5.1/lib64/libcudnn.so.5 (0x00007f553d27b000)
	libopencv_highgui.so.4.3 => /home/zhangwenting/zzapp/lib64/libopencv_highgui.so.4.3 (0x00007f553d063000)
	libopencv_videoio.so.4.3 => /home/zhangwenting/zzapp/lib64/libopencv_videoio.so.4.3 (0x00007f553cde8000)
	libopencv_imgcodecs.so.4.3 => /home/zhangwenting/zzapp/lib64/libopencv_imgcodecs.so.4.3 (0x00007f553c8d7000)
	libopencv_imgproc.so.4.3 => /home/zhangwenting/zzapp/lib64/libopencv_imgproc.so.4.3 (0x00007f553ab6b000)
	libopencv_core.so.4.3 => /home/zhangwenting/zzapp/lib64/libopencv_core.so.4.3 (0x00007f553966d000)
	libopencv_cudev.so.4.3 => /home/zhangwenting/zzapp/lib64/libopencv_cudev.so.4.3 (0x00007f553946a000)
	libopenblas.so.0 => /home/zhangwenting/anaconda3/envs/torch11/lib/libopenblas.so.0 (0x00007f5537687000)
	libboost_python37.so.1.74.0 => /home/zhangwenting/anaconda3/envs/torch11/lib/libboost_python37.so.1.74.0 (0x00007f553764b000)
	libstdc++.so.6 => /home/zhangwenting/anaconda3/envs/torch11/lib/libstdc++.so.6 (0x00007f55374d6000)
	libm.so.6 => /lib64/libm.so.6 (0x00007f55371d4000)
	libgcc_s.so.1 => /home/zhangwenting/anaconda3/envs/torch11/lib/libgcc_s.so.1 (0x00007f55371c0000)
	libc.so.6 => /lib64/libc.so.6 (0x00007f5536dfc000)
	libsnappy.so.1 => /home/zhangwenting/anaconda3/envs/torch11/lib/libsnappy.so.1 (0x00007f5536df1000)
	libdl.so.2 => /lib64/libdl.so.2 (0x00007f5536bec000)
	libutil.so.1 => /lib64/libutil.so.1 (0x00007f55369e9000)
	librt.so.1 => /lib64/librt.so.1 (0x00007f55367e1000)
	/lib64/ld-linux-x86-64.so.2 (0x00007f5551060000)
	libz.so.1 => /home/zhangwenting/anaconda3/envs/torch11/lib/libz.so.1 (0x00007f55367c6000)
	libcrypto.so.1.1 => /home/zhangwenting/anaconda3/envs/torch11/lib/./libcrypto.so.1.1 (0x00007f55364fa000)
	libcurl.so.4 => /home/zhangwenting/anaconda3/envs/torch11/lib/./libcurl.so.4 (0x00007f5536470000)
	libcublasLt.so.11 => /usr/local/cuda/lib64/libcublasLt.so.11 (0x00007f552847c000)
	libgtk-3.so.0 => /lib64/libgtk-3.so.0 (0x00007f5527bc5000)
	libgdk-3.so.0 => /lib64/libgdk-3.so.0 (0x00007f552792f000)
	libgdk_pixbuf-2.0.so.0 => /lib64/libgdk_pixbuf-2.0.so.0 (0x00007f5527709000)
	libcairo.so.2 => /lib64/libcairo.so.2 (0x00007f55273e1000)
	libgobject-2.0.so.0 => /lib64/libgobject-2.0.so.0 (0x00007f5527191000)
	libglib-2.0.so.0 => /lib64/libglib-2.0.so.0 (0x00007f5526e5a000)
	libgstreamer-1.0.so.0 => /lib64/libgstreamer-1.0.so.0 (0x00007f5526b4d000)
	libgstapp-1.0.so.0 => /lib64/libgstapp-1.0.so.0 (0x00007f5526940000)
	libgstriff-1.0.so.0 => /lib64/libgstriff-1.0.so.0 (0x00007f5526732000)
	libgstpbutils-1.0.so.0 => /lib64/libgstpbutils-1.0.so.0 (0x00007f552650a000)
	libavcodec.so.56 => /lib64/libavcodec.so.56 (0x00007f55252b0000)
	libavformat.so.56 => /lib64/libavformat.so.56 (0x00007f5524edf000)
	libavutil.so.54 => /lib64/libavutil.so.54 (0x00007f5524c7c000)
	libswscale.so.3 => /lib64/libswscale.so.3 (0x00007f55249f5000)
	libjpeg.so.9 => /home/zhangwenting/anaconda3/envs/torch11/lib/libjpeg.so.9 (0x00007f55247b8000)
	libpng15.so.15 => /lib64/libpng15.so.15 (0x00007f552458d000)
	libtbb.so => /home/zhangwenting/zzapp/lib64/libtbb.so (0x00007f5524354000)
	libgfortran.so.4 => /home/zhangwenting/anaconda3/envs/torch11/lib/./libgfortran.so.4 (0x00007f5524224000)
	libssh2.so.1 => /home/zhangwenting/anaconda3/envs/torch11/lib/././libssh2.so.1 (0x00007f55241e1000)
	libssl.so.1.1 => /home/zhangwenting/anaconda3/envs/torch11/lib/././libssl.so.1.1 (0x00007f552414f000)
	libgssapi_krb5.so.2 => /home/zhangwenting/anaconda3/envs/torch11/lib/././libgssapi_krb5.so.2 (0x00007f55240fc000)
	libkrb5.so.3 => /home/zhangwenting/anaconda3/envs/torch11/lib/././libkrb5.so.3 (0x00007f5524029000)
	libk5crypto.so.3 => /home/zhangwenting/anaconda3/envs/torch11/lib/././libk5crypto.so.3 (0x00007f552400e000)
	libcom_err.so.3 => /home/zhangwenting/anaconda3/envs/torch11/lib/././libcom_err.so.3 (0x00007f5524008000)
	libgmodule-2.0.so.0 => /lib64/libgmodule-2.0.so.0 (0x00007f5523e03000)
	libpangocairo-1.0.so.0 => /lib64/libpangocairo-1.0.so.0 (0x00007f5523bf6000)
	libX11.so.6 => /lib64/libX11.so.6 (0x00007f55238b8000)
	libXi.so.6 => /lib64/libXi.so.6 (0x00007f55236a7000)
	libXfixes.so.3 => /lib64/libXfixes.so.3 (0x00007f55234a1000)
	libcairo-gobject.so.2 => /lib64/libcairo-gobject.so.2 (0x00007f5523298000)
	libatk-1.0.so.0 => /lib64/libatk-1.0.so.0 (0x00007f5523071000)
	libatk-bridge-2.0.so.0 => /lib64/libatk-bridge-2.0.so.0 (0x00007f5522e46000)
	libpangoft2-1.0.so.0 => /lib64/libpangoft2-1.0.so.0 (0x00007f5522c31000)
	libpango-1.0.so.0 => /lib64/libpango-1.0.so.0 (0x00007f55229e5000)
	libfontconfig.so.1 => /lib64/libfontconfig.so.1 (0x00007f55227a8000)
	libgio-2.0.so.0 => /lib64/libgio-2.0.so.0 (0x00007f5522432000)
	libXinerama.so.1 => /lib64/libXinerama.so.1 (0x00007f552222e000)
	libXrandr.so.2 => /lib64/libXrandr.so.2 (0x00007f5522023000)
	libXcursor.so.1 => /lib64/libXcursor.so.1 (0x00007f5521e18000)
	libXcomposite.so.1 => /lib64/libXcomposite.so.1 (0x00007f5521c14000)
	libXdamage.so.1 => /lib64/libXdamage.so.1 (0x00007f5521a11000)
	libXext.so.6 => /lib64/libXext.so.6 (0x00007f55217ff000)
	libpixman-1.so.0 => /lib64/libpixman-1.so.0 (0x00007f5521551000)
	libfreetype.so.6 => /home/zhangwenting/anaconda3/envs/torch11/lib/libfreetype.so.6 (0x00007f552149c000)
	libEGL.so.1 => /lib64/libEGL.so.1 (0x00007f552128a000)
	libxcb-shm.so.0 => /lib64/libxcb-shm.so.0 (0x00007f5521085000)
	libxcb-render.so.0 => /lib64/libxcb-render.so.0 (0x00007f5520e77000)
	libxcb.so.1 => /lib64/libxcb.so.1 (0x00007f5520c4f000)
	libXrender.so.1 => /lib64/libXrender.so.1 (0x00007f5520a43000)
	libGL.so.1 => /lib64/libGL.so.1 (0x00007f55207a5000)
	libffi.so.6 => /home/zhangwenting/anaconda3/envs/torch11/lib/libffi.so.6 (0x00007f552079b000)
	libgstbase-1.0.so.0 => /lib64/libgstbase-1.0.so.0 (0x00007f5520540000)
	libgstaudio-1.0.so.0 => /lib64/libgstaudio-1.0.so.0 (0x00007f55202f5000)
	libgsttag-1.0.so.0 => /lib64/libgsttag-1.0.so.0 (0x00007f55200bb000)
	libgstvideo-1.0.so.0 => /lib64/libgstvideo-1.0.so.0 (0x00007f551fe70000)
	libswresample.so.1 => /lib64/libswresample.so.1 (0x00007f551fc55000)
	libva.so.1 => /lib64/libva.so.1 (0x00007f551fa34000)
	libxvidcore.so.4 => /lib64/libxvidcore.so.4 (0x00007f551f721000)
	libx265.so.79 => /lib64/libx265.so.79 (0x00007f551f1d0000)
	libx264.so.142 => /lib64/libx264.so.142 (0x00007f551ee5b000)
	libvorbisenc.so.2 => /lib64/libvorbisenc.so.2 (0x00007f551e98c000)
	libvorbis.so.0 => /lib64/libvorbis.so.0 (0x00007f551e75e000)
	libvo-amrwbenc.so.0 => /lib64/libvo-amrwbenc.so.0 (0x00007f551e543000)
	libtheoraenc.so.1 => /lib64/libtheoraenc.so.1 (0x00007f551e316000)
	libtheoradec.so.1 => /lib64/libtheoradec.so.1 (0x00007f551e106000)
	libspeex.so.1 => /lib64/libspeex.so.1 (0x00007f551deec000)
	libschroedinger-1.0.so.0 => /lib64/libschroedinger-1.0.so.0 (0x00007f551dc20000)
	libopus.so.0 => /lib64/libopus.so.0 (0x00007f551d9de000)
	libopenjpeg.so.1 => /lib64/libopenjpeg.so.1 (0x00007f551d7b9000)
	libopencore-amrwb.so.0 => /lib64/libopencore-amrwb.so.0 (0x00007f551d5a5000)
	libopencore-amrnb.so.0 => /lib64/libopencore-amrnb.so.0 (0x00007f551d37b000)
	libmp3lame.so.0 => /lib64/libmp3lame.so.0 (0x00007f551d101000)
	libgsm.so.1 => /lib64/libgsm.so.1 (0x00007f551cef5000)
	libfdk-aac.so.1 => /lib64/libfdk-aac.so.1 (0x00007f551cc41000)
	libgmp.so.10 => /lib64/libgmp.so.10 (0x00007f551c9c9000)
	libgnutls.so.28 => /lib64/libgnutls.so.28 (0x00007f551c694000)
	libbz2.so.1 => /lib64/libbz2.so.1 (0x00007f551c484000)
	libquadmath.so.0 => /home/zhangwenting/zzapp/lib64/libquadmath.so.0 (0x00007f551c23c000)
	libkrb5support.so.0 => /home/zhangwenting/anaconda3/envs/torch11/lib/./././libkrb5support.so.0 (0x00007f551c22d000)
	libresolv.so.2 => /lib64/libresolv.so.2 (0x00007f551c012000)
	libgthread-2.0.so.0 => /lib64/libgthread-2.0.so.0 (0x00007f551be10000)
	libharfbuzz.so.0 => /lib64/libharfbuzz.so.0 (0x00007f551bbb6000)
	libatspi.so.0 => /lib64/libatspi.so.0 (0x00007f551b98f000)
	libdbus-1.so.3 => /lib64/libdbus-1.so.3 (0x00007f551b746000)
	libexpat.so.1 => /lib64/libexpat.so.1 (0x00007f551b51c000)
	libselinux.so.1 => /lib64/libselinux.so.1 (0x00007f551b2f4000)
	libpng16.so.16 => /home/zhangwenting/anaconda3/envs/torch11/lib/./libpng16.so.16 (0x00007f551b2bb000)
	libGLdispatch.so.0 => /lib64/libGLdispatch.so.0 (0x00007f551afcb000)
	libXau.so.6 => /lib64/libXau.so.6 (0x00007f551adc7000)
	libGLX.so.0 => /lib64/libGLX.so.0 (0x00007f551ab97000)
	liborc-0.4.so.0 => /lib64/liborc-0.4.so.0 (0x00007f551a914000)
	libsoxr.so.0 => /lib64/libsoxr.so.0 (0x00007f551a6b1000)
	libnuma.so.1 => /lib64/libnuma.so.1 (0x00007f551a4a4000)
	libogg.so.0 => /usr/lib64/libogg.so.0 (0x00007f551a29d000)
	libp11-kit.so.0 => /lib64/libp11-kit.so.0 (0x00007f551a056000)
	libtspi.so.1 => /lib64/libtspi.so.1 (0x00007f5519de5000)
	libtasn1.so.6 => /lib64/libtasn1.so.6 (0x00007f5519bd1000)
	libnettle.so.4 => /lib64/libnettle.so.4 (0x00007f551999f000)
	libhogweed.so.2 => /lib64/libhogweed.so.2 (0x00007f5519778000)
	libgraphite2.so.3 => /lib64/libgraphite2.so.3 (0x00007f551955b000)
	libpcre.so.1 => /lib64/libpcre.so.1 (0x00007f55192fa000)
	libgomp.so.1 => /home/zhangwenting/zzapp/lib64/libgomp.so.1 (0x00007f55190c4000)
	libcrypto.so.10 => /lib64/libcrypto.so.10 (0x00007f5518c60000)
	libssl.so.10 => /lib64/libssl.so.10 (0x00007f55189ee000)
	libcom_err.so.2 => /lib64/libcom_err.so.2 (0x00007f55187e9000)
