[  1%] Running C++/Python protocol buffer compiler on /home/zhangwenting/software/caffe/src/caffe/proto/caffe.proto
[  1%] Building CXX object src/caffe/CMakeFiles/caffeproto.dir/__/__/include/caffe/proto/caffe.pb.cc.o
[  2%] Linking CXX static library ../../lib/libcaffeproto.a
[  2%] Built target caffeproto
[  4%] Building NVCC (Device) object src/caffe/CMakeFiles/cuda_compile_1.dir/util/cuda_compile_1_generated_math_functions.cu.o
[  4%] Building NVCC (Device) object src/caffe/CMakeFiles/cuda_compile_1.dir/layers/cuda_compile_1_generated_accuracy_layer.cu.o
[  4%] Building NVCC (Device) object src/caffe/CMakeFiles/cuda_compile_1.dir/layers/cuda_compile_1_generated_absval_layer.cu.o
[  5%] Building NVCC (Device) object src/caffe/CMakeFiles/cuda_compile_1.dir/layers/cuda_compile_1_generated_base_data_layer.cu.o
[  5%] Building NVCC (Device) object src/caffe/CMakeFiles/cuda_compile_1.dir/layers/cuda_compile_1_generated_batch_reindex_layer.cu.o
[  6%] Building NVCC (Device) object src/caffe/CMakeFiles/cuda_compile_1.dir/layers/cuda_compile_1_generated_bias_layer.cu.o
[  6%] Building NVCC (Device) object src/caffe/CMakeFiles/cuda_compile_1.dir/layers/cuda_compile_1_generated_batch_norm_layer.cu.o
[  6%] Building NVCC (Device) object src/caffe/CMakeFiles/cuda_compile_1.dir/layers/cuda_compile_1_generated_bnll_layer.cu.o
[  6%] Building NVCC (Device) object src/caffe/CMakeFiles/cuda_compile_1.dir/layers/cuda_compile_1_generated_clip_layer.cu.o
[  8%] Building NVCC (Device) object src/caffe/CMakeFiles/cuda_compile_1.dir/layers/cuda_compile_1_generated_concat_layer.cu.o
[  8%] Building NVCC (Device) object src/caffe/CMakeFiles/cuda_compile_1.dir/layers/cuda_compile_1_generated_contrastive_loss_layer.cu.o
[  9%] Building NVCC (Device) object src/caffe/CMakeFiles/cuda_compile_1.dir/layers/cuda_compile_1_generated_conv_layer.cu.o
[  9%] Building NVCC (Device) object src/caffe/CMakeFiles/cuda_compile_1.dir/layers/cuda_compile_1_generated_crop_layer.cu.o
[  9%] Building NVCC (Device) object src/caffe/CMakeFiles/cuda_compile_1.dir/layers/cuda_compile_1_generated_cudnn_conv_layer.cu.o
[ 10%] Building NVCC (Device) object src/caffe/CMakeFiles/cuda_compile_1.dir/layers/cuda_compile_1_generated_cudnn_deconv_layer.cu.o
[ 10%] Building NVCC (Device) object src/caffe/CMakeFiles/cuda_compile_1.dir/layers/cuda_compile_1_generated_cudnn_lcn_layer.cu.o
[ 10%] Building NVCC (Device) object src/caffe/CMakeFiles/cuda_compile_1.dir/layers/cuda_compile_1_generated_cudnn_lrn_layer.cu.o
[ 12%] Building NVCC (Device) object src/caffe/CMakeFiles/cuda_compile_1.dir/layers/cuda_compile_1_generated_cudnn_pooling_layer.cu.o
[ 12%] Building NVCC (Device) object src/caffe/CMakeFiles/cuda_compile_1.dir/layers/cuda_compile_1_generated_cudnn_relu_layer.cu.o
[ 13%] Building NVCC (Device) object src/caffe/CMakeFiles/cuda_compile_1.dir/layers/cuda_compile_1_generated_cudnn_sigmoid_layer.cu.o
[ 13%] Building NVCC (Device) object src/caffe/CMakeFiles/cuda_compile_1.dir/layers/cuda_compile_1_generated_cudnn_softmax_layer.cu.o
[ 13%] Building NVCC (Device) object src/caffe/CMakeFiles/cuda_compile_1.dir/layers/cuda_compile_1_generated_cudnn_tanh_layer.cu.o
[ 15%] Building NVCC (Device) object src/caffe/CMakeFiles/cuda_compile_1.dir/layers/cuda_compile_1_generated_deconv_layer.cu.o
[ 15%] Building NVCC (Device) object src/caffe/CMakeFiles/cuda_compile_1.dir/layers/cuda_compile_1_generated_dropout_layer.cu.o
[ 15%] Building NVCC (Device) object src/caffe/CMakeFiles/cuda_compile_1.dir/layers/cuda_compile_1_generated_eltwise_layer.cu.o
[ 16%] Building NVCC (Device) object src/caffe/CMakeFiles/cuda_compile_1.dir/layers/cuda_compile_1_generated_embed_layer.cu.o
[ 16%] Building NVCC (Device) object src/caffe/CMakeFiles/cuda_compile_1.dir/layers/cuda_compile_1_generated_elu_layer.cu.o
[ 17%] Building NVCC (Device) object src/caffe/CMakeFiles/cuda_compile_1.dir/layers/cuda_compile_1_generated_euclidean_loss_layer.cu.o
[ 17%] Building NVCC (Device) object src/caffe/CMakeFiles/cuda_compile_1.dir/layers/cuda_compile_1_generated_filter_layer.cu.o
[ 19%] Building NVCC (Device) object src/caffe/CMakeFiles/cuda_compile_1.dir/layers/cuda_compile_1_generated_hdf5_data_layer.cu.o
[ 19%] Building NVCC (Device) object src/caffe/CMakeFiles/cuda_compile_1.dir/layers/cuda_compile_1_generated_hdf5_output_layer.cu.o
[ 19%] Building NVCC (Device) object src/caffe/CMakeFiles/cuda_compile_1.dir/layers/cuda_compile_1_generated_exp_layer.cu.o
[ 19%] Building NVCC (Device) object src/caffe/CMakeFiles/cuda_compile_1.dir/layers/cuda_compile_1_generated_im2col_layer.cu.o
[ 19%] Building NVCC (Device) object src/caffe/CMakeFiles/cuda_compile_1.dir/layers/cuda_compile_1_generated_log_layer.cu.o
[ 20%] Building NVCC (Device) object src/caffe/CMakeFiles/cuda_compile_1.dir/layers/cuda_compile_1_generated_inner_product_layer.cu.o
[ 20%] Building NVCC (Device) object src/caffe/CMakeFiles/cuda_compile_1.dir/layers/cuda_compile_1_generated_lrn_layer.cu.o
[ 21%] Building NVCC (Device) object src/caffe/CMakeFiles/cuda_compile_1.dir/layers/cuda_compile_1_generated_lstm_unit_layer.cu.o
[ 21%] Building NVCC (Device) object src/caffe/CMakeFiles/cuda_compile_1.dir/layers/cuda_compile_1_generated_mvn_layer.cu.o
[ 23%] Building NVCC (Device) object src/caffe/CMakeFiles/cuda_compile_1.dir/layers/cuda_compile_1_generated_pooling_layer.cu.o
[ 23%] Building NVCC (Device) object src/caffe/CMakeFiles/cuda_compile_1.dir/layers/cuda_compile_1_generated_power_layer.cu.o
[ 23%] Building NVCC (Device) object src/caffe/CMakeFiles/cuda_compile_1.dir/layers/cuda_compile_1_generated_prelu_layer.cu.o
[ 24%] Building NVCC (Device) object src/caffe/CMakeFiles/cuda_compile_1.dir/layers/cuda_compile_1_generated_recurrent_layer.cu.o
[ 24%] Building NVCC (Device) object src/caffe/CMakeFiles/cuda_compile_1.dir/layers/cuda_compile_1_generated_reduction_layer.cu.o
[ 24%] Building NVCC (Device) object src/caffe/CMakeFiles/cuda_compile_1.dir/layers/cuda_compile_1_generated_relu_layer.cu.o
[ 24%] Building NVCC (Device) object src/caffe/CMakeFiles/cuda_compile_1.dir/layers/cuda_compile_1_generated_sigmoid_cross_entropy_loss_layer.cu.o
[ 26%] Building NVCC (Device) object src/caffe/CMakeFiles/cuda_compile_1.dir/layers/cuda_compile_1_generated_scale_layer.cu.o
[ 27%] Building NVCC (Device) object src/caffe/CMakeFiles/cuda_compile_1.dir/layers/cuda_compile_1_generated_sigmoid_layer.cu.o
[ 27%] Building NVCC (Device) object src/caffe/CMakeFiles/cuda_compile_1.dir/layers/cuda_compile_1_generated_silence_layer.cu.o
[ 27%] Building NVCC (Device) object src/caffe/CMakeFiles/cuda_compile_1.dir/layers/cuda_compile_1_generated_slice_layer.cu.o
[ 28%] Building NVCC (Device) object src/caffe/CMakeFiles/cuda_compile_1.dir/layers/cuda_compile_1_generated_softmax_layer.cu.o
[ 28%] Building NVCC (Device) object src/caffe/CMakeFiles/cuda_compile_1.dir/layers/cuda_compile_1_generated_softmax_loss_layer.cu.o
[ 28%] Building NVCC (Device) object src/caffe/CMakeFiles/cuda_compile_1.dir/layers/cuda_compile_1_generated_split_layer.cu.o
[ 30%] Building NVCC (Device) object src/caffe/CMakeFiles/cuda_compile_1.dir/layers/cuda_compile_1_generated_swish_layer.cu.o
[ 30%] Building NVCC (Device) object src/caffe/CMakeFiles/cuda_compile_1.dir/layers/cuda_compile_1_generated_tanh_layer.cu.o
[ 31%] Building NVCC (Device) object src/caffe/CMakeFiles/cuda_compile_1.dir/layers/cuda_compile_1_generated_threshold_layer.cu.o
[ 31%] Building NVCC (Device) object src/caffe/CMakeFiles/cuda_compile_1.dir/layers/cuda_compile_1_generated_tile_layer.cu.o
[ 31%] Building NVCC (Device) object src/caffe/CMakeFiles/cuda_compile_1.dir/solvers/cuda_compile_1_generated_adadelta_solver.cu.o
[ 32%] Building NVCC (Device) object src/caffe/CMakeFiles/cuda_compile_1.dir/solvers/cuda_compile_1_generated_adagrad_solver.cu.o
[ 32%] Building NVCC (Device) object src/caffe/CMakeFiles/cuda_compile_1.dir/solvers/cuda_compile_1_generated_adam_solver.cu.o
[ 32%] Building NVCC (Device) object src/caffe/CMakeFiles/cuda_compile_1.dir/solvers/cuda_compile_1_generated_nesterov_solver.cu.o
[ 34%] Building NVCC (Device) object src/caffe/CMakeFiles/cuda_compile_1.dir/solvers/cuda_compile_1_generated_rmsprop_solver.cu.o
[ 34%] Building NVCC (Device) object src/caffe/CMakeFiles/cuda_compile_1.dir/solvers/cuda_compile_1_generated_sgd_solver.cu.o
[ 34%] Building NVCC (Device) object src/caffe/CMakeFiles/cuda_compile_1.dir/util/cuda_compile_1_generated_im2col.cu.o
[ 35%] Building CXX object src/caffe/CMakeFiles/caffe.dir/common.cpp.o
[ 35%] Building CXX object src/caffe/CMakeFiles/caffe.dir/data_transformer.cpp.o
[ 35%] Building CXX object src/caffe/CMakeFiles/caffe.dir/blob.cpp.o
[ 35%] Building CXX object src/caffe/CMakeFiles/caffe.dir/layer.cpp.o
[ 36%] Building CXX object src/caffe/CMakeFiles/caffe.dir/internal_thread.cpp.o
[ 38%] Building CXX object src/caffe/CMakeFiles/caffe.dir/layers/accuracy_layer.cpp.o
[ 38%] Building CXX object src/caffe/CMakeFiles/caffe.dir/layers/absval_layer.cpp.o
[ 38%] Building CXX object src/caffe/CMakeFiles/caffe.dir/layer_factory.cpp.o
[ 39%] Building CXX object src/caffe/CMakeFiles/caffe.dir/layers/base_data_layer.cpp.o
[ 39%] Building CXX object src/caffe/CMakeFiles/caffe.dir/layers/base_conv_layer.cpp.o
[ 39%] Building CXX object src/caffe/CMakeFiles/caffe.dir/layers/argmax_layer.cpp.o
[ 41%] Building CXX object src/caffe/CMakeFiles/caffe.dir/layers/batch_norm_layer.cpp.o
[ 41%] Building CXX object src/caffe/CMakeFiles/caffe.dir/layers/bias_layer.cpp.o
[ 41%] Building CXX object src/caffe/CMakeFiles/caffe.dir/layers/batch_reindex_layer.cpp.o
[ 42%] Building CXX object src/caffe/CMakeFiles/caffe.dir/layers/bnll_layer.cpp.o
[ 42%] Building CXX object src/caffe/CMakeFiles/caffe.dir/layers/clip_layer.cpp.o
[ 43%] Building CXX object src/caffe/CMakeFiles/caffe.dir/layers/concat_layer.cpp.o
[ 45%] Building CXX object src/caffe/CMakeFiles/caffe.dir/layers/crop_layer.cpp.o
[ 45%] Building CXX object src/caffe/CMakeFiles/caffe.dir/layers/conv_layer.cpp.o
[ 45%] Building CXX object src/caffe/CMakeFiles/caffe.dir/layers/contrastive_loss_layer.cpp.o
[ 45%] Building CXX object src/caffe/CMakeFiles/caffe.dir/layers/cudnn_conv_layer.cpp.o
[ 45%] Building CXX object src/caffe/CMakeFiles/caffe.dir/layers/cudnn_deconv_layer.cpp.o
[ 46%] Building CXX object src/caffe/CMakeFiles/caffe.dir/layers/cudnn_lrn_layer.cpp.o
[ 46%] Building CXX object src/caffe/CMakeFiles/caffe.dir/layers/cudnn_pooling_layer.cpp.o
[ 46%] Building CXX object src/caffe/CMakeFiles/caffe.dir/layers/cudnn_lcn_layer.cpp.o
[ 47%] Building CXX object src/caffe/CMakeFiles/caffe.dir/layers/cudnn_sigmoid_layer.cpp.o
[ 47%] Building CXX object src/caffe/CMakeFiles/caffe.dir/layers/cudnn_relu_layer.cpp.o
[ 49%] Building CXX object src/caffe/CMakeFiles/caffe.dir/layers/cudnn_softmax_layer.cpp.o
[ 49%] Building CXX object src/caffe/CMakeFiles/caffe.dir/layers/data_layer.cpp.o
[ 49%] Building CXX object src/caffe/CMakeFiles/caffe.dir/layers/cudnn_tanh_layer.cpp.o
[ 49%] Building CXX object src/caffe/CMakeFiles/caffe.dir/layers/dropout_layer.cpp.o
[ 50%] Building CXX object src/caffe/CMakeFiles/caffe.dir/layers/deconv_layer.cpp.o
[ 50%] Building CXX object src/caffe/CMakeFiles/caffe.dir/layers/dummy_data_layer.cpp.o
[ 52%] Building CXX object src/caffe/CMakeFiles/caffe.dir/layers/eltwise_layer.cpp.o
[ 52%] Building CXX object src/caffe/CMakeFiles/caffe.dir/layers/elu_layer.cpp.o
[ 53%] Building CXX object src/caffe/CMakeFiles/caffe.dir/layers/embed_layer.cpp.o
[ 53%] Building CXX object src/caffe/CMakeFiles/caffe.dir/layers/euclidean_loss_layer.cpp.o
[ 53%] Building CXX object src/caffe/CMakeFiles/caffe.dir/layers/exp_layer.cpp.o
[ 54%] Building CXX object src/caffe/CMakeFiles/caffe.dir/layers/filter_layer.cpp.o
[ 54%] Building CXX object src/caffe/CMakeFiles/caffe.dir/layers/flatten_layer.cpp.o
[ 54%] Building CXX object src/caffe/CMakeFiles/caffe.dir/layers/hdf5_data_layer.cpp.o
[ 56%] Building CXX object src/caffe/CMakeFiles/caffe.dir/layers/hdf5_output_layer.cpp.o
[ 56%] Building CXX object src/caffe/CMakeFiles/caffe.dir/layers/hinge_loss_layer.cpp.o
[ 57%] Building CXX object src/caffe/CMakeFiles/caffe.dir/layers/im2col_layer.cpp.o
[ 57%] Building CXX object src/caffe/CMakeFiles/caffe.dir/layers/image_data_layer.cpp.o
[ 57%] Building CXX object src/caffe/CMakeFiles/caffe.dir/layers/infogain_loss_layer.cpp.o
[ 58%] Building CXX object src/caffe/CMakeFiles/caffe.dir/layers/inner_product_layer.cpp.o
[ 58%] Building CXX object src/caffe/CMakeFiles/caffe.dir/layers/input_layer.cpp.o
[ 58%] Building CXX object src/caffe/CMakeFiles/caffe.dir/layers/log_layer.cpp.o
[ 60%] Building CXX object src/caffe/CMakeFiles/caffe.dir/layers/loss_layer.cpp.o
[ 60%] Building CXX object src/caffe/CMakeFiles/caffe.dir/layers/lrn_layer.cpp.o
[ 60%] Building CXX object src/caffe/CMakeFiles/caffe.dir/layers/lstm_layer.cpp.o
[ 61%] Building CXX object src/caffe/CMakeFiles/caffe.dir/layers/lstm_unit_layer.cpp.o
[ 61%] Building CXX object src/caffe/CMakeFiles/caffe.dir/layers/memory_data_layer.cpp.o
[ 63%] Building CXX object src/caffe/CMakeFiles/caffe.dir/layers/multinomial_logistic_loss_layer.cpp.o
[ 63%] Building CXX object src/caffe/CMakeFiles/caffe.dir/layers/mvn_layer.cpp.o
[ 63%] Building CXX object src/caffe/CMakeFiles/caffe.dir/layers/neuron_layer.cpp.o
[ 64%] Building CXX object src/caffe/CMakeFiles/caffe.dir/layers/parameter_layer.cpp.o
[ 64%] Building CXX object src/caffe/CMakeFiles/caffe.dir/layers/pooling_layer.cpp.o
[ 64%] Building CXX object src/caffe/CMakeFiles/caffe.dir/layers/power_layer.cpp.o
[ 65%] Building CXX object src/caffe/CMakeFiles/caffe.dir/layers/prelu_layer.cpp.o
[ 65%] Building CXX object src/caffe/CMakeFiles/caffe.dir/layers/recurrent_layer.cpp.o
[ 67%] Building CXX object src/caffe/CMakeFiles/caffe.dir/layers/reduction_layer.cpp.o
[ 67%] Building CXX object src/caffe/CMakeFiles/caffe.dir/layers/relu_layer.cpp.o
[ 67%] Building CXX object src/caffe/CMakeFiles/caffe.dir/layers/reshape_layer.cpp.o
[ 68%] Building CXX object src/caffe/CMakeFiles/caffe.dir/layers/rnn_layer.cpp.o
[ 68%] Building CXX object src/caffe/CMakeFiles/caffe.dir/layers/scale_layer.cpp.o
[ 68%] Building CXX object src/caffe/CMakeFiles/caffe.dir/layers/sigmoid_cross_entropy_loss_layer.cpp.o
[ 69%] Building CXX object src/caffe/CMakeFiles/caffe.dir/layers/sigmoid_layer.cpp.o
[ 69%] Building CXX object src/caffe/CMakeFiles/caffe.dir/layers/silence_layer.cpp.o
[ 71%] Building CXX object src/caffe/CMakeFiles/caffe.dir/layers/slice_layer.cpp.o
[ 71%] Building CXX object src/caffe/CMakeFiles/caffe.dir/layers/softmax_layer.cpp.o
[ 71%] Building CXX object src/caffe/CMakeFiles/caffe.dir/layers/softmax_loss_layer.cpp.o
[ 72%] Building CXX object src/caffe/CMakeFiles/caffe.dir/layers/split_layer.cpp.o
[ 72%] Building CXX object src/caffe/CMakeFiles/caffe.dir/layers/spp_layer.cpp.o
[ 72%] Building CXX object src/caffe/CMakeFiles/caffe.dir/layers/swish_layer.cpp.o
[ 73%] Building CXX object src/caffe/CMakeFiles/caffe.dir/layers/tanh_layer.cpp.o
[ 73%] Building CXX object src/caffe/CMakeFiles/caffe.dir/layers/threshold_layer.cpp.o
[ 73%] Building CXX object src/caffe/CMakeFiles/caffe.dir/layers/tile_layer.cpp.o
[ 75%] Building CXX object src/caffe/CMakeFiles/caffe.dir/layers/window_data_layer.cpp.o
[ 75%] Building CXX object src/caffe/CMakeFiles/caffe.dir/net.cpp.o
[ 76%] Building CXX object src/caffe/CMakeFiles/caffe.dir/parallel.cpp.o
[ 76%] Building CXX object src/caffe/CMakeFiles/caffe.dir/solver.cpp.o
[ 76%] Building CXX object src/caffe/CMakeFiles/caffe.dir/solvers/adadelta_solver.cpp.o
[ 78%] Building CXX object src/caffe/CMakeFiles/caffe.dir/solvers/adagrad_solver.cpp.o
[ 78%] Building CXX object src/caffe/CMakeFiles/caffe.dir/solvers/adam_solver.cpp.o
[ 78%] Building CXX object src/caffe/CMakeFiles/caffe.dir/solvers/nesterov_solver.cpp.o
[ 79%] Building CXX object src/caffe/CMakeFiles/caffe.dir/solvers/rmsprop_solver.cpp.o
[ 79%] Building CXX object src/caffe/CMakeFiles/caffe.dir/solvers/sgd_solver.cpp.o
[ 80%] Building CXX object src/caffe/CMakeFiles/caffe.dir/syncedmem.cpp.o
[ 80%] Building CXX object src/caffe/CMakeFiles/caffe.dir/util/benchmark.cpp.o
[ 80%] Building CXX object src/caffe/CMakeFiles/caffe.dir/util/blocking_queue.cpp.o
[ 82%] Building CXX object src/caffe/CMakeFiles/caffe.dir/util/cudnn.cpp.o
[ 82%] Building CXX object src/caffe/CMakeFiles/caffe.dir/util/db.cpp.o
[ 82%] Building CXX object src/caffe/CMakeFiles/caffe.dir/util/db_leveldb.cpp.o
[ 83%] Building CXX object src/caffe/CMakeFiles/caffe.dir/util/db_lmdb.cpp.o
[ 83%] Building CXX object src/caffe/CMakeFiles/caffe.dir/util/hdf5.cpp.o
[ 84%] Building CXX object src/caffe/CMakeFiles/caffe.dir/util/im2col.cpp.o
[ 84%] Building CXX object src/caffe/CMakeFiles/caffe.dir/util/insert_splits.cpp.o
[ 84%] Building CXX object src/caffe/CMakeFiles/caffe.dir/util/io.cpp.o
[ 86%] Building CXX object src/caffe/CMakeFiles/caffe.dir/util/math_functions.cpp.o
[ 86%] Building CXX object src/caffe/CMakeFiles/caffe.dir/util/signal_handler.cpp.o
[ 86%] Building CXX object src/caffe/CMakeFiles/caffe.dir/util/upgrade_proto.cpp.o
[ 87%] Linking CXX shared library ../../lib/libcaffe.so
[ 87%] Built target caffe
[ 91%] Building CXX object tools/CMakeFiles/upgrade_net_proto_binary.dir/upgrade_net_proto_binary.cpp.o
[ 89%] Building CXX object tools/CMakeFiles/upgrade_net_proto_text.dir/upgrade_net_proto_text.cpp.o
[ 91%] Building CXX object examples/CMakeFiles/convert_cifar_data.dir/cifar10/convert_cifar_data.cpp.o
[ 91%] Building CXX object tools/CMakeFiles/convert_imageset.dir/convert_imageset.cpp.o
[ 91%] Building CXX object tools/CMakeFiles/upgrade_solver_proto_text.dir/upgrade_solver_proto_text.cpp.o
[ 91%] Building CXX object tools/CMakeFiles/extract_features.dir/extract_features.cpp.o
[ 91%] Building CXX object tools/CMakeFiles/caffe.bin.dir/caffe.cpp.o
[ 91%] Building CXX object examples/CMakeFiles/classification.dir/cpp_classification/classification.cpp.o
[ 91%] Building CXX object tools/CMakeFiles/compute_image_mean.dir/compute_image_mean.cpp.o
[ 91%] Building CXX object examples/CMakeFiles/convert_mnist_data.dir/mnist/convert_mnist_data.cpp.o
[ 94%] Building CXX object examples/CMakeFiles/convert_mnist_siamese_data.dir/siamese/convert_mnist_siamese_data.cpp.o
[ 94%] Building CXX object python/CMakeFiles/pycaffe.dir/caffe/_caffe.cpp.o
[ 94%] Linking CXX executable siamese/convert_mnist_siamese_data
[ 94%] Linking CXX executable mnist/convert_mnist_data
[ 95%] Linking CXX executable cifar10/convert_cifar_data
[ 95%] Built target convert_mnist_data
[ 95%] Built target convert_mnist_siamese_data
[ 95%] Built target convert_cifar_data
[ 95%] Linking CXX executable compute_image_mean
[ 95%] Built target compute_image_mean
[ 97%] Linking CXX executable convert_imageset
[ 97%] Built target convert_imageset
[ 97%] Linking CXX executable upgrade_net_proto_binary
[ 98%] Linking CXX executable upgrade_solver_proto_text
[100%] Linking CXX executable upgrade_net_proto_text
[100%] Built target upgrade_solver_proto_text
[100%] Built target upgrade_net_proto_text
[100%] Built target upgrade_net_proto_binary
[100%] Linking CXX executable extract_features
[100%] Built target extract_features
[100%] Linking CXX executable cpp_classification/classification
[100%] Built target classification
[100%] Linking CXX executable caffe
[100%] Built target caffe.bin
[100%] Linking CXX shared library ../lib/_caffe.so
Creating symlink /home/zhangwenting/software/caffe/python/caffe/_caffe.so -> /home/zhangwenting/software/caffe/build/lib/_caffe.so
[100%] Built target pycaffe
