-- Found Boost: /home/zhangwenting/anaconda3/envs/torch11/lib/cmake/Boost-1.74.0/BoostConfig.cmake (found suitable version "1.74.0", minimum required is "1.54") found components: system thread filesystem 
-- Found gflags  (include: /home/zhangwenting/anaconda3/envs/torch11/include, library: /home/zhangwenting/anaconda3/envs/torch11/lib/libgflags.so)
-- Found glog    (include: /home/zhangwenting/anaconda3/envs/torch11/include, library: /home/zhangwenting/anaconda3/envs/torch11/lib/libglog.so)
-- Found PROTOBUF Compiler: /home/zhangwenting/software/protobuf-3.6.0/install/bin/protoc
-- HDF5 C compiler wrapper is unable to compile a minimal HDF5 program.
-- HDF5 CXX compiler wrapper is unable to compile a minimal HDF5 program.
-- Found HDF5: /home/zhangwenting/anaconda3/envs/torch11/lib/libhdf5.so;/home/zhangwenting/anaconda3/envs/torch11/lib/libhdf5_cpp.so;/home/zhangwenting/anaconda3/envs/torch11/lib/libhdf5.so (found version "1.12.0") found components: HL 
-- HDF5 C compiler wrapper is unable to compile a minimal HDF5 program.
-- HDF5 CXX compiler wrapper is unable to compile a minimal HDF5 program.
-- Found HDF5: /home/zhangwenting/anaconda3/envs/torch11/lib/libhdf5.so;/home/zhangwenting/anaconda3/envs/torch11/lib/libhdf5_cpp.so;/home/zhangwenting/anaconda3/envs/torch11/lib/libhdf5.so;/home/zhangwenting/anaconda3/envs/torch11/lib/libhdf5.so;/home/zhangwenting/anaconda3/envs/torch11/lib/libhdf5.so;/home/zhangwenting/anaconda3/envs/torch11/lib/libhdf5_cpp.so;/home/zhangwenting/anaconda3/envs/torch11/lib/libhdf5.so;/home/zhangwenting/anaconda3/envs/torch11/lib/libhdf5_cpp.so;/home/zhangwenting/anaconda3/envs/torch11/lib/libhdf5.so (found version "1.12.0") found components: HL 
-- Found lmdb    (include: /home/zhangwenting/anaconda3/envs/torch11/include, library: /home/zhangwenting/anaconda3/envs/torch11/lib/liblmdb.so)
-- Found LevelDB (include: /home/zhangwenting/anaconda3/envs/torch11/include, library: /home/zhangwenting/anaconda3/envs/torch11/lib/libleveldb.so)
-- Found Snappy  (include: /home/zhangwenting/anaconda3/envs/torch11/include, library: /home/zhangwenting/anaconda3/envs/torch11/lib/libsnappy.so)
-- CUDA detected: 11.1
-- Found cuDNN: ver. 5.1.5 found (include: /home/share/cudnn-8.0-v5.1/include, library: /home/share/cudnn-8.0-v5.1/lib64/libcudnn.so)
-- Added CUDA NVCC flags for: sm_61 sm_52
-- OpenCV found (/home/zhangwenting/zzapp/lib64/cmake/opencv4)
-- Found OpenBLAS libraries: /home/zhangwenting/anaconda3/envs/torch11/lib/libopenblas.so
-- Found OpenBLAS include: /home/zhangwenting/anaconda3/envs/torch11/include
-- NumPy ver. 1.19.2 found (include: /home/zhangwenting/anaconda3/envs/torch11/lib/python3.7/site-packages/numpy/core/include)
-- Could NOT find Boost: missing: python-py373 (found /home/zhangwenting/anaconda3/envs/torch11/lib/cmake/Boost-1.74.0/BoostConfig.cmake (found suitable version "1.74.0", minimum required is "1.46"))
-- Could NOT find Boost: missing: python-py37 (found /home/zhangwenting/anaconda3/envs/torch11/lib/cmake/Boost-1.74.0/BoostConfig.cmake (found suitable version "1.74.0", minimum required is "1.46"))
-- Could NOT find Boost: missing: python-py3 (found /home/zhangwenting/anaconda3/envs/torch11/lib/cmake/Boost-1.74.0/BoostConfig.cmake (found suitable version "1.74.0", minimum required is "1.46"))
-- Found Boost: /home/zhangwenting/anaconda3/envs/torch11/lib/cmake/Boost-1.74.0/BoostConfig.cmake (found suitable version "1.74.0", minimum required is "1.46") found components: python3 
-- Detected Doxygen OUTPUT_DIRECTORY: ./doxygen/
-- 
-- ******************* Caffe Configuration Summary *******************
-- General:
--   Version           :   1.0.0
--   Git               :   1.0-136-g9b89154-dirty
--   System            :   Linux
--   C++ compiler      :   /home/zhangwenting/zzapp/bin/c++
--   Release CXX flags :   -O3 -DNDEBUG -fPIC -Wall -std=c++11 -Wno-sign-compare -Wno-uninitialized
--   Debug CXX flags   :   -g -fPIC -Wall -std=c++11 -Wno-sign-compare -Wno-uninitialized
--   Build type        :   Release
-- 
--   BUILD_SHARED_LIBS :   ON
--   BUILD_python      :   ON
--   BUILD_matlab      :   OFF
--   BUILD_docs        :   ON
--   CPU_ONLY          :   OFF
--   USE_OPENCV        :   ON
--   USE_LEVELDB       :   ON
--   USE_LMDB          :   ON
--   USE_NCCL          :   OFF
--   ALLOW_LMDB_NOLOCK :   OFF
--   USE_HDF5          :   ON
-- 
-- Dependencies:
--   BLAS              :   Yes (Open)
--   Boost             :   Yes (ver. 1.74)
--   glog              :   Yes
--   gflags            :   Yes
--   protobuf          :   Yes (ver. 3.6.0)
--   lmdb              :   Yes (ver. 0.9.24)
--   LevelDB           :   Yes (ver. 1.22)
--   Snappy            :   Yes (ver. 1.1.8)
--   OpenCV            :   Yes (ver. 4.3.0)
--   CUDA              :   Yes (ver. 11.1)
-- 
-- NVIDIA CUDA:
--   Target GPU(s)     :   Auto
--   GPU arch(s)       :   sm_61 sm_52
--   cuDNN             :   Yes (ver. 5.1.5)
-- 
-- Python:
--   Interpreter       :   /home/zhangwenting/anaconda3/envs/torch11/bin/python (ver. 3.7.3)
--   Libraries         :   /home/zhangwenting/anaconda3/envs/torch11/lib/libpython3.7m.so (ver 3.7.3)
--   NumPy             :   /home/zhangwenting/anaconda3/envs/torch11/lib/python3.7/site-packages/numpy/core/include (ver 1.19.2)
-- 
-- Documentaion:
--   Doxygen           :   /usr/bin/doxygen (1.8.5)
--   config_file       :   /home/zhangwenting/software/caffe/.Doxyfile
-- 
-- Install:
--   Install path      :   /home/zhangwenting/software/caffe/build/install
-- 
-- Configuring done
-- Generating done
-- Build files have been written to: /home/zhangwenting/software/caffe/build
Consolidate compiler generated dependencies of target caffeproto
[  3%] Built target caffeproto
Consolidate compiler generated dependencies of target caffe
[ 98%] Built target caffe
Consolidate compiler generated dependencies of target pycaffe
[100%] Built target pycaffe
